#
# There is insufficient memory for the Java Runtime Environment to continue.
# Native memory allocation (malloc) failed to allocate 976320 bytes for Chunk::new
# Possible reasons:
#   The system is out of physical RAM or swap space
#   The process is running with CompressedOops enabled, and the Java Heap may be blocking the growth of the native heap
# Possible solutions:
#   Reduce memory load on the system
#   Increase physical memory or swap space
#   Check if swap backing store is full
#   Decrease Java heap size (-Xmx/-Xms)
#   Decrease number of Java threads
#   Decrease Java thread stack sizes (-Xss)
#   Set larger code cache with -XX:ReservedCodeCacheSize=
#   JVM is running with Unscaled Compressed Oops mode in which the Java heap is
#     placed in the first 4GB address space. The Java Heap base address is the
#     maximum limit for the native heap growth. Please use -XX:HeapBaseMinAddress
#     to set the Java Heap base and to place the Java Heap above 4GB virtual address.
# This output file may be truncated or incomplete.
#
#  Out of Memory Error (allocation.cpp:389), pid=18732, tid=0x0000000000004068
#
# JRE version: OpenJDK Runtime Environment (8.0_242-b01) (build 1.8.0_242-release-1644-b01)
# Java VM: OpenJDK 64-Bit Server VM (25.242-b01 mixed mode windows-amd64 compressed oops)
# Failed to write core dump. Minidumps are not enabled by default on client versions of Windows
#

---------------  T H R E A D  ---------------

Current thread (0x0000000017b42000):  JavaThread "C2 CompilerThread0" daemon [_thread_in_native, id=16488, stack(0x00000000191c0000,0x00000000192c0000)]

Stack: [0x00000000191c0000,0x00000000192c0000]
[error occurred during error reporting (printing stack bounds), id 0xc0000005]

Native frames: (J=compiled Java code, j=interpreted, Vv=VM code, C=native code)


Current CompileTask:
C2:  11501 4976       4       java.lang.Class::privateGetMethodRecursive (130 bytes)


---------------  P R O C E S S  ---------------

Java Threads: ( => current thread )
  0x000000001bad5800 JavaThread "pool-1-thread-1" [_thread_blocked, id=14684, stack(0x0000000028f20000,0x0000000029020000)]
  0x000000001bad4000 JavaThread "Cache worker for Build Output Cleanup Cache (C:\Users\preya\AndroidStudioProjects\SantaderDevWeek\.gradle\buildOutputCleanup)" [_thread_blocked, id=5680, stack(0x0000000028e20000,0x0000000028f20000)]
  0x000000001bada000 JavaThread "jar transforms Thread 113" [_thread_blocked, id=6780, stack(0x0000000028920000,0x0000000028a20000)]
  0x000000001bada800 JavaThread "jar transforms Thread 112" [_thread_blocked, id=8632, stack(0x0000000028820000,0x0000000028920000)]
  0x000000001bad7800 JavaThread "jar transforms Thread 111" [_thread_blocked, id=7440, stack(0x0000000028720000,0x0000000028820000)]
  0x000000001bad7000 JavaThread "jar transforms Thread 110" [_thread_blocked, id=17660, stack(0x0000000028620000,0x0000000028720000)]
  0x000000001bad4800 JavaThread "jar transforms Thread 109" [_thread_blocked, id=12488, stack(0x0000000028520000,0x0000000028620000)]
  0x000000001bad6000 JavaThread "jar transforms Thread 108" [_thread_blocked, id=14556, stack(0x0000000028420000,0x0000000028520000)]
  0x000000001a6b0000 JavaThread "jar transforms Thread 107" [_thread_blocked, id=5280, stack(0x0000000028320000,0x0000000028420000)]
  0x000000001a6a8800 JavaThread "jar transforms Thread 106" [_thread_blocked, id=14500, stack(0x0000000028220000,0x0000000028320000)]
  0x000000001a6aa000 JavaThread "jar transforms Thread 105" [_thread_blocked, id=13804, stack(0x0000000028120000,0x0000000028220000)]
  0x000000001a6ae800 JavaThread "jar transforms Thread 104" [_thread_blocked, id=13708, stack(0x0000000028020000,0x0000000028120000)]
  0x000000001a6ad000 JavaThread "jar transforms Thread 103" [_thread_blocked, id=7240, stack(0x0000000027f20000,0x0000000028020000)]
  0x000000001a6ae000 JavaThread "jar transforms Thread 102" [_thread_blocked, id=2508, stack(0x0000000027e20000,0x0000000027f20000)]
  0x000000001a6af800 JavaThread "jar transforms Thread 101" [_thread_blocked, id=11184, stack(0x0000000027d20000,0x0000000027e20000)]
  0x000000001a6ac800 JavaThread "jar transforms Thread 100" [_thread_blocked, id=19176, stack(0x0000000027c20000,0x0000000027d20000)]
  0x000000001a6a8000 JavaThread "jar transforms Thread 99" [_thread_blocked, id=5052, stack(0x0000000027b20000,0x0000000027c20000)]
  0x000000001a6a5000 JavaThread "jar transforms Thread 98" [_thread_blocked, id=12800, stack(0x0000000027a20000,0x0000000027b20000)]
  0x000000001a6a6800 JavaThread "jar transforms Thread 97" [_thread_blocked, id=16568, stack(0x0000000027920000,0x0000000027a20000)]
  0x000000001a6a5800 JavaThread "jar transforms Thread 96" [_thread_blocked, id=18764, stack(0x0000000027820000,0x0000000027920000)]
  0x000000001a6ab800 JavaThread "jar transforms Thread 95" [_thread_blocked, id=12956, stack(0x0000000027720000,0x0000000027820000)]
  0x000000001a6a9800 JavaThread "jar transforms Thread 94" [_thread_blocked, id=17856, stack(0x0000000027620000,0x0000000027720000)]
  0x000000001a6ab000 JavaThread "jar transforms Thread 93" [_thread_blocked, id=16704, stack(0x0000000027520000,0x0000000027620000)]
  0x000000001a6a2000 JavaThread "jar transforms Thread 92" [_thread_blocked, id=7084, stack(0x0000000027420000,0x0000000027520000)]
  0x000000001a6a1000 JavaThread "jar transforms Thread 91" [_thread_blocked, id=18708, stack(0x0000000027320000,0x0000000027420000)]
  0x000000001a6a2800 JavaThread "jar transforms Thread 90" [_thread_blocked, id=6592, stack(0x0000000027220000,0x0000000027320000)]
  0x000000001a6a7000 JavaThread "jar transforms Thread 89" [_thread_blocked, id=10228, stack(0x0000000027120000,0x0000000027220000)]
  0x000000001a6a4000 JavaThread "jar transforms Thread 88" [_thread_blocked, id=13072, stack(0x0000000027020000,0x0000000027120000)]
  0x000000001a6a3800 JavaThread "jar transforms Thread 87" [_thread_blocked, id=10236, stack(0x0000000026f20000,0x0000000027020000)]
  0x000000001e293800 JavaThread "jar transforms Thread 86" [_thread_blocked, id=9092, stack(0x0000000026e20000,0x0000000026f20000)]
  0x000000001e292800 JavaThread "jar transforms Thread 85" [_thread_blocked, id=17492, stack(0x0000000026d20000,0x0000000026e20000)]
  0x000000001e28f800 JavaThread "jar transforms Thread 84" [_thread_blocked, id=8612, stack(0x0000000026c20000,0x0000000026d20000)]
  0x000000001e28f000 JavaThread "jar transforms Thread 83" [_thread_blocked, id=18108, stack(0x0000000026b20000,0x0000000026c20000)]
  0x000000001e292000 JavaThread "jar transforms Thread 82" [_thread_blocked, id=3620, stack(0x0000000026a20000,0x0000000026b20000)]
  0x000000001e291000 JavaThread "jar transforms Thread 81" [_thread_blocked, id=12324, stack(0x0000000026920000,0x0000000026a20000)]
  0x000000001e290800 JavaThread "jar transforms Thread 80" [_thread_blocked, id=18336, stack(0x0000000026820000,0x0000000026920000)]
  0x000000001e28e000 JavaThread "jar transforms Thread 79" [_thread_blocked, id=16300, stack(0x0000000026720000,0x0000000026820000)]
  0x000000001e286800 JavaThread "jar transforms Thread 78" [_thread_blocked, id=7884, stack(0x0000000026620000,0x0000000026720000)]
  0x000000001e28d800 JavaThread "jar transforms Thread 77" [_thread_blocked, id=4540, stack(0x0000000026520000,0x0000000026620000)]
  0x000000001e286000 JavaThread "jar transforms Thread 76" [_thread_blocked, id=11744, stack(0x0000000026420000,0x0000000026520000)]
  0x000000001e28c800 JavaThread "jar transforms Thread 75" [_thread_blocked, id=9372, stack(0x0000000026320000,0x0000000026420000)]
  0x000000001e28c000 JavaThread "jar transforms Thread 74" [_thread_blocked, id=10304, stack(0x0000000026220000,0x0000000026320000)]
  0x000000001e28b000 JavaThread "jar transforms Thread 73" [_thread_blocked, id=9552, stack(0x0000000026120000,0x0000000026220000)]
  0x000000001e284800 JavaThread "jar transforms Thread 72" [_thread_blocked, id=1916, stack(0x0000000026020000,0x0000000026120000)]
  0x000000001e289000 JavaThread "jar transforms Thread 71" [_thread_blocked, id=8744, stack(0x0000000025f20000,0x0000000026020000)]
  0x000000001e28a800 JavaThread "jar transforms Thread 70" [_thread_blocked, id=13436, stack(0x0000000025e20000,0x0000000025f20000)]
  0x000000001e288000 JavaThread "jar transforms Thread 69" [_thread_blocked, id=7856, stack(0x0000000025d20000,0x0000000025e20000)]
  0x000000001e289800 JavaThread "jar transforms Thread 68" [_thread_blocked, id=18008, stack(0x0000000025c20000,0x0000000025d20000)]
  0x000000001e285000 JavaThread "jar transforms Thread 67" [_thread_blocked, id=15528, stack(0x0000000025b20000,0x0000000025c20000)]
  0x000000001e287800 JavaThread "jar transforms Thread 66" [_thread_blocked, id=5216, stack(0x0000000025a20000,0x0000000025b20000)]
  0x000000001df06800 JavaThread "jar transforms Thread 65" [_thread_blocked, id=9084, stack(0x0000000025920000,0x0000000025a20000)]
  0x000000001df09800 JavaThread "jar transforms Thread 64" [_thread_blocked, id=7796, stack(0x0000000025820000,0x0000000025920000)]
  0x000000001df05000 JavaThread "jar transforms Thread 63" [_thread_blocked, id=8380, stack(0x0000000025720000,0x0000000025820000)]
  0x000000001df08800 JavaThread "jar transforms Thread 62" [_thread_blocked, id=15620, stack(0x0000000025620000,0x0000000025720000)]
  0x000000001df08000 JavaThread "jar transforms Thread 61" [_thread_blocked, id=14356, stack(0x0000000025520000,0x0000000025620000)]
  0x000000001df0a000 JavaThread "jar transforms Thread 60" [_thread_blocked, id=18176, stack(0x0000000025420000,0x0000000025520000)]
  0x000000001df07000 JavaThread "jar transforms Thread 59" [_thread_blocked, id=12988, stack(0x0000000025320000,0x0000000025420000)]
  0x000000001df05800 JavaThread "jar transforms Thread 58" [_thread_blocked, id=7384, stack(0x0000000025220000,0x0000000025320000)]
  0x000000001defd000 JavaThread "jar transforms Thread 57" [_thread_blocked, id=16892, stack(0x0000000025120000,0x0000000025220000)]
  0x000000001df04000 JavaThread "jar transforms Thread 56" [_thread_blocked, id=1464, stack(0x0000000025020000,0x0000000025120000)]
  0x000000001defc800 JavaThread "jar transforms Thread 55" [_thread_blocked, id=8252, stack(0x0000000024f20000,0x0000000025020000)]
  0x000000001df03800 JavaThread "jar transforms Thread 54" [_thread_blocked, id=2064, stack(0x0000000024e20000,0x0000000024f20000)]
  0x000000001df00000 JavaThread "jar transforms Thread 53" [_thread_blocked, id=16628, stack(0x0000000024d20000,0x0000000024e20000)]
  0x000000001deff800 JavaThread "jar transforms Thread 52" [_thread_blocked, id=18356, stack(0x0000000024c20000,0x0000000024d20000)]
  0x000000001defb800 JavaThread "jar transforms Thread 51" [_thread_blocked, id=10104, stack(0x0000000024b20000,0x0000000024c20000)]
  0x000000001defe800 JavaThread "jar transforms Thread 50" [_thread_blocked, id=5844, stack(0x0000000024a20000,0x0000000024b20000)]
  0x000000001df02800 JavaThread "jar transforms Thread 49" [_thread_blocked, id=17568, stack(0x0000000024920000,0x0000000024a20000)]
  0x000000001defe000 JavaThread "jar transforms Thread 48" [_thread_blocked, id=9744, stack(0x0000000024820000,0x0000000024920000)]
  0x000000001defb000 JavaThread "jar transforms Thread 47" [_thread_blocked, id=3880, stack(0x0000000024720000,0x0000000024820000)]
  0x000000001df01000 JavaThread "jar transforms Thread 46" [_thread_blocked, id=14640, stack(0x0000000024620000,0x0000000024720000)]
  0x000000001df01800 JavaThread "jar transforms Thread 45" [_thread_blocked, id=15804, stack(0x0000000024520000,0x0000000024620000)]
  0x000000001dc46000 JavaThread "jar transforms Thread 44" [_thread_blocked, id=17640, stack(0x0000000024420000,0x0000000024520000)]
  0x000000001dc43800 JavaThread "jar transforms Thread 43" [_thread_blocked, id=14504, stack(0x0000000024320000,0x0000000024420000)]
  0x000000001dc47800 JavaThread "jar transforms Thread 42" [_thread_blocked, id=1700, stack(0x0000000024220000,0x0000000024320000)]
  0x000000001dc44800 JavaThread "jar transforms Thread 41" [_thread_blocked, id=17524, stack(0x0000000024120000,0x0000000024220000)]
  0x000000001dc45000 JavaThread "jar transforms Thread 40" [_thread_blocked, id=4340, stack(0x0000000024020000,0x0000000024120000)]
  0x000000001dc46800 JavaThread "jar transforms Thread 39" [_thread_blocked, id=15888, stack(0x0000000023f20000,0x0000000024020000)]
  0x000000001dc3c000 JavaThread "jar transforms Thread 38" [_thread_blocked, id=12504, stack(0x0000000023e20000,0x0000000023f20000)]
  0x000000001dc43000 JavaThread "jar transforms Thread 37" [_thread_blocked, id=9640, stack(0x0000000023d20000,0x0000000023e20000)]
  0x000000001dc42000 JavaThread "jar transforms Thread 36" [_thread_blocked, id=17680, stack(0x0000000023c20000,0x0000000023d20000)]
  0x000000001dc41800 JavaThread "jar transforms Thread 35" [_thread_blocked, id=18280, stack(0x0000000023b20000,0x0000000023c20000)]
  0x000000001dc40800 JavaThread "jar transforms Thread 34" [_thread_blocked, id=10088, stack(0x0000000023a20000,0x0000000023b20000)]
  0x000000001dc39000 JavaThread "jar transforms Thread 33" [_thread_blocked, id=16636, stack(0x0000000023920000,0x0000000023a20000)]
  0x000000001dc3b800 JavaThread "jar transforms Thread 32" [_thread_blocked, id=11800, stack(0x0000000023820000,0x0000000023920000)]
  0x000000001dc40000 JavaThread "jar transforms Thread 31" [_thread_blocked, id=3280, stack(0x0000000023720000,0x0000000023820000)]
  0x000000001dc38800 JavaThread "jar transforms Thread 30" [_thread_blocked, id=1120, stack(0x0000000023620000,0x0000000023720000)]
  0x000000001dc3d800 JavaThread "jar transforms Thread 29" [_thread_blocked, id=17532, stack(0x0000000023520000,0x0000000023620000)]
  0x000000001dc3d000 JavaThread "jar transforms Thread 28" [_thread_blocked, id=19172, stack(0x0000000023420000,0x0000000023520000)]
  0x000000001dc3a000 JavaThread "jar transforms Thread 27" [_thread_blocked, id=1864, stack(0x0000000023320000,0x0000000023420000)]
  0x000000001dc3e800 JavaThread "jar transforms Thread 26" [_thread_blocked, id=16160, stack(0x0000000023220000,0x0000000023320000)]
  0x000000001dc3f000 JavaThread "jar transforms Thread 25" [_thread_blocked, id=8484, stack(0x0000000023120000,0x0000000023220000)]
  0x000000001dc3a800 JavaThread "jar transforms Thread 24" [_thread_blocked, id=11388, stack(0x0000000023020000,0x0000000023120000)]
  0x000000001a1d3800 JavaThread "jar transforms Thread 23" [_thread_blocked, id=16476, stack(0x0000000022f20000,0x0000000023020000)]
  0x000000001a1d0800 JavaThread "jar transforms Thread 22" [_thread_blocked, id=12412, stack(0x0000000022d20000,0x0000000022e20000)]
  0x000000001a1d6000 JavaThread "jar transforms Thread 21" [_thread_blocked, id=7556, stack(0x0000000022c20000,0x0000000022d20000)]
  0x000000001a1d4800 JavaThread "jar transforms Thread 20" [_thread_blocked, id=17832, stack(0x0000000022b20000,0x0000000022c20000)]
  0x000000001a1d3000 JavaThread "jar transforms Thread 19" [_thread_blocked, id=12840, stack(0x0000000022a20000,0x0000000022b20000)]
  0x000000001a1d1800 JavaThread "jar transforms Thread 18" [_thread_blocked, id=12652, stack(0x0000000022920000,0x0000000022a20000)]
  0x000000001a1d2000 JavaThread "jar transforms Thread 17" [_thread_blocked, id=4136, stack(0x0000000022820000,0x0000000022920000)]
  0x000000001a1d0000 JavaThread "jar transforms Thread 16" [_thread_blocked, id=2640, stack(0x0000000022720000,0x0000000022820000)]
  0x000000001a1d5000 JavaThread "jar transforms Thread 15" [_thread_blocked, id=2376, stack(0x0000000022620000,0x0000000022720000)]
  0x000000001a1cf000 JavaThread "jar transforms Thread 14" [_thread_blocked, id=10544, stack(0x0000000022520000,0x0000000022620000)]
  0x000000001eb42000 JavaThread "jar transforms Thread 13" [_thread_blocked, id=19236, stack(0x0000000022420000,0x0000000022520000)]
  0x000000001eb40000 JavaThread "jar transforms Thread 12" [_thread_blocked, id=17356, stack(0x0000000022320000,0x0000000022420000)]
  0x000000001eb3f000 JavaThread "jar transforms Thread 11" [_thread_blocked, id=11532, stack(0x0000000022220000,0x0000000022320000)]
  0x000000001eb41800 JavaThread "jar transforms Thread 10" [_thread_blocked, id=18716, stack(0x0000000022120000,0x0000000022220000)]
  0x000000001eb43800 JavaThread "jar transforms Thread 9" [_thread_blocked, id=15040, stack(0x0000000022020000,0x0000000022120000)]
  0x000000001eb43000 JavaThread "jar transforms Thread 8" [_thread_blocked, id=9108, stack(0x0000000021f20000,0x0000000022020000)]
  0x000000001eb40800 JavaThread "jar transforms Thread 7" [_thread_blocked, id=16744, stack(0x0000000021e20000,0x0000000021f20000)]
  0x000000001eb37800 JavaThread "jar transforms Thread 6" [_thread_blocked, id=18636, stack(0x0000000021d20000,0x0000000021e20000)]
  0x000000001eb3e800 JavaThread "jar transforms Thread 5" [_thread_blocked, id=7200, stack(0x0000000021c20000,0x0000000021d20000)]
  0x000000001eb3d800 JavaThread "jar transforms Thread 4" [_thread_blocked, id=12436, stack(0x0000000021b20000,0x0000000021c20000)]
  0x000000001eb38800 JavaThread "jar transforms Thread 3" [_thread_blocked, id=2160, stack(0x0000000021a20000,0x0000000021b20000)]
  0x000000001eb3d000 JavaThread "jar transforms Thread 2" [_thread_blocked, id=5848, stack(0x0000000021920000,0x0000000021a20000)]
  0x000000001eb3c000 JavaThread "Build operations Thread 4" [_thread_blocked, id=1456, stack(0x0000000021820000,0x0000000021920000)]
  0x000000001eb34800 JavaThread "Build operations Thread 3" [_thread_blocked, id=12524, stack(0x0000000021720000,0x0000000021820000)]
  0x000000001eb3a000 JavaThread "Build operations Thread 2" [_thread_blocked, id=3684, stack(0x0000000021620000,0x0000000021720000)]
  0x000000001eb3b800 JavaThread "Build operations" [_thread_blocked, id=6296, stack(0x0000000021520000,0x0000000021620000)]
  0x000000001b66c800 JavaThread "Cache worker for file content cache (C:\Users\preya\.gradle\caches\6.5\fileContent)" [_thread_blocked, id=248, stack(0x0000000020e20000,0x0000000020f20000)]
  0x000000001b673800 JavaThread "jar transforms" [_thread_blocked, id=16516, stack(0x0000000020d20000,0x0000000020e20000)]
  0x000000001b670000 JavaThread "Cache worker for execution history cache (C:\Users\preya\.gradle\caches\6.5\executionHistory)" [_thread_blocked, id=11488, stack(0x0000000020620000,0x0000000020720000)]
  0x000000001b670800 JavaThread "Cache worker for cache directory md-rule (C:\Users\preya\.gradle\caches\6.5\md-rule)" [_thread_blocked, id=6408, stack(0x0000000020520000,0x0000000020620000)]
  0x000000001b66f000 JavaThread "Cache worker for cache directory md-supplier (C:\Users\preya\.gradle\caches\6.5\md-supplier)" [_thread_blocked, id=18828, stack(0x000000001f0d0000,0x000000001f1d0000)]
  0x000000001b66e000 JavaThread "Cache worker for checksums cache (C:\Users\preya\AndroidStudioProjects\SantaderDevWeek\.gradle\checksums)" [_thread_blocked, id=10032, stack(0x000000001efd0000,0x000000001f0d0000)]
  0x000000001b66d800 JavaThread "Cache worker for file hash cache (C:\Users\preya\AndroidStudioProjects\SantaderDevWeek\.gradle\6.5\fileHashes)" [_thread_blocked, id=8700, stack(0x0000000020420000,0x0000000020520000)]
  0x000000001b672000 JavaThread "Cache worker for file hash cache (C:\Users\preya\.gradle\caches\6.5\fileHashes)" [_thread_blocked, id=18684, stack(0x000000001db00000,0x000000001dc00000)]
  0x000000001b673000 JavaThread "File lock request listener" [_thread_in_native, id=9636, stack(0x000000001da00000,0x000000001db00000)]
  0x000000001b580000 JavaThread "Cache worker for journal cache (C:\Users\preya\.gradle\caches\journal-1)" [_thread_blocked, id=4492, stack(0x000000001d900000,0x000000001da00000)]
  0x0000000019bdd000 JavaThread "Thread-9" [_thread_blocked, id=18632, stack(0x000000001d600000,0x000000001d700000)]
  0x0000000019bdc800 JavaThread "Stdin handler" [_thread_blocked, id=13424, stack(0x000000001d500000,0x000000001d600000)]
  0x000000001b555800 JavaThread "Asynchronous log dispatcher for DefaultDaemonConnection: socket connection from /127.0.0.1:52797 to /127.0.0.1:52798" [_thread_blocked, id=14608, stack(0x000000001d400000,0x000000001d500000)]
  0x000000001b58d000 JavaThread "Daemon worker" [_thread_in_native, id=14756, stack(0x000000001d300000,0x000000001d400000)]
  0x000000001b54f800 JavaThread "Cancel handler" [_thread_blocked, id=9676, stack(0x000000001d200000,0x000000001d300000)]
  0x000000001b56d000 JavaThread "Handler for socket connection from /127.0.0.1:52797 to /127.0.0.1:52798" [_thread_in_native, id=16280, stack(0x000000001d100000,0x000000001d200000)]
  0x000000001b515800 JavaThread "Daemon" [_thread_blocked, id=1332, stack(0x000000001d000000,0x000000001d100000)]
  0x000000001b50c000 JavaThread "Daemon periodic checks" [_thread_blocked, id=17412, stack(0x000000001cd00000,0x000000001ce00000)]
  0x000000001b4b4800 JavaThread "Incoming local TCP Connector on port 52797" [_thread_in_native, id=8660, stack(0x000000001caa0000,0x000000001cba0000)]
  0x0000000019b21800 JavaThread "Daemon health stats" [_thread_blocked, id=15712, stack(0x000000001c460000,0x000000001c560000)]
  0x00000000194e8800 JavaThread "Service Thread" daemon [_thread_blocked, id=6600, stack(0x00000000198c0000,0x00000000199c0000)]
  0x0000000017b54000 JavaThread "C1 CompilerThread2" daemon [_thread_blocked, id=1512, stack(0x00000000193c0000,0x00000000194c0000)]
  0x0000000017b4a000 JavaThread "C2 CompilerThread1" daemon [_thread_blocked, id=9280, stack(0x00000000192c0000,0x00000000193c0000)]
=>0x0000000017b42000 JavaThread "C2 CompilerThread0" daemon [_thread_in_native, id=16488, stack(0x00000000191c0000,0x00000000192c0000)]
  0x0000000017b46000 JavaThread "Attach Listener" daemon [_thread_blocked, id=6544, stack(0x00000000190c0000,0x00000000191c0000)]
  0x0000000017b44800 JavaThread "Signal Dispatcher" daemon [_thread_blocked, id=12780, stack(0x0000000018fc0000,0x00000000190c0000)]
  0x0000000002f1b000 JavaThread "Finalizer" daemon [_thread_blocked, id=12124, stack(0x0000000018db0000,0x0000000018eb0000)]
  0x0000000017b29000 JavaThread "Reference Handler" daemon [_thread_blocked, id=12496, stack(0x0000000018cb0000,0x0000000018db0000)]
  0x00000000014ee000 JavaThread "main" [_thread_blocked, id=9976, stack(0x0000000002d20000,0x0000000002e20000)]

Other Threads:
  0x0000000017b06000 VMThread [stack: 0x0000000018bb0000,0x0000000018cb0000] [id=19312]
  0x0000000017b9d000 WatcherThread [stack: 0x00000000199c0000,0x0000000019ac0000] [id=13524]

VM state:not at safepoint (normal execution)

VM Mutex/Monitor currently owned by a thread: None

heap address: 0x0000000080000000, size: 2048 MB, Compressed Oops mode: 32-bit
Narrow klass base: 0x0000000000000000, Narrow klass shift: 3
Compressed class space size: 1073741824 Address: 0x0000000100000000

Heap:
 PSYoungGen      total 262656K, used 118047K [0x00000000d5580000, 0x00000000ed080000, 0x0000000100000000)
  eden space 248832K, 41% used [0x00000000d5580000,0x00000000dbb4e048,0x00000000e4880000)
  from space 13824K, 99% used [0x00000000e4880000,0x00000000e55f9dc8,0x00000000e5600000)
  to   space 17408K, 0% used [0x00000000ebf80000,0x00000000ebf80000,0x00000000ed080000)
 ParOldGen       total 66048K, used 18469K [0x0000000080000000, 0x0000000084080000, 0x00000000d5580000)
  object space 66048K, 27% used [0x0000000080000000,0x00000000812096d0,0x0000000084080000)
 Metaspace       used 54312K, capacity 56450K, committed 56536K, reserved 1097728K
  class space    used 7228K, capacity 7654K, committed 7680K, reserved 1048576K

Card table byte_map: [0x00000000122e0000,0x00000000126f0000] byte_map_base: 0x0000000011ee0000

Marking Bits: (ParMarkBitMap*) 0x000000006f58f030
 Begin Bits: [0x0000000012da0000, 0x0000000014da0000)
 End Bits:   [0x0000000014da0000, 0x0000000016da0000)

Polling page: 0x0000000001470000

CodeCache: size=245760Kb used=15971Kb max_used=15982Kb free=229789Kb
 bounds [0x0000000002f20000, 0x0000000003ed0000, 0x0000000011f20000]
 total_blobs=5471 nmethods=4707 adapters=676
 compilation: enabled

Compilation events (10 events):
Event: 11.486 Thread 0x0000000017b54000 nmethod 5073 0x0000000003e972d0 code [0x0000000003e97440, 0x0000000003e97630]
Event: 11.486 Thread 0x0000000017b54000 5074       3       java.lang.invoke.AbstractValidatingLambdaMetafactory::isAdaptableToAsReturn (36 bytes)
Event: 11.487 Thread 0x0000000017b54000 nmethod 5074 0x0000000003e96b10 code [0x0000000003e96ca0, 0x0000000003e97188]
Event: 11.489 Thread 0x0000000017b4a000 5075   !   4       java.lang.invoke.MemberName::getMethodType (208 bytes)
Event: 11.490 Thread 0x0000000017b54000 5076       3       java.lang.invoke.AbstractValidatingLambdaMetafactory::validateMetafactoryArgs (864 bytes)
Event: 11.494 Thread 0x0000000017b4a000 nmethod 5075 0x0000000003eaa890 code [0x0000000003eaaa20, 0x0000000003eaaf28]
Event: 11.499 Thread 0x0000000017b54000 nmethod 5076 0x0000000003eab310 code [0x0000000003eac220, 0x0000000003eb8648]
Event: 11.499 Thread 0x0000000017b54000 5079       3       org.gradle.internal.operations.DefaultBuildOperationListenerManager$1::finished (48 bytes)
Event: 11.499 Thread 0x0000000017b54000 nmethod 5079 0x0000000003e961d0 code [0x0000000003e96380, 0x0000000003e96908]
Event: 11.499 Thread 0x0000000017b54000 5077   !   3       java.lang.invoke.InnerClassLambdaMetafactory::buildCallSite (156 bytes)

GC Heap History (10 events):
Event: 4.241 GC heap before
{Heap before GC invocations=7 (full 1):
 PSYoungGen      total 140288K, used 4016K [0x00000000d5580000, 0x00000000de880000, 0x0000000100000000)
  eden space 130048K, 0% used [0x00000000d5580000,0x00000000d5580000,0x00000000dd480000)
  from space 10240K, 39% used [0x00000000dde80000,0x00000000de26c040,0x00000000de880000)
  to   space 10240K, 0% used [0x00000000dd480000,0x00000000dd480000,0x00000000dde80000)
 ParOldGen       total 87552K, used 10173K [0x0000000080000000, 0x0000000085580000, 0x00000000d5580000)
  object space 87552K, 11% used [0x0000000080000000,0x00000000809ef718,0x0000000085580000)
 Metaspace       used 20480K, capacity 21204K, committed 21248K, reserved 1067008K
  class space    used 2859K, capacity 3048K, committed 3072K, reserved 1048576K
Event: 4.273 GC heap after
Heap after GC invocations=7 (full 1):
 PSYoungGen      total 140288K, used 0K [0x00000000d5580000, 0x00000000de880000, 0x0000000100000000)
  eden space 130048K, 0% used [0x00000000d5580000,0x00000000d5580000,0x00000000dd480000)
  from space 10240K, 0% used [0x00000000dde80000,0x00000000dde80000,0x00000000de880000)
  to   space 10240K, 0% used [0x00000000dd480000,0x00000000dd480000,0x00000000dde80000)
 ParOldGen       total 48640K, used 7780K [0x0000000080000000, 0x0000000082f80000, 0x00000000d5580000)
  object space 48640K, 15% used [0x0000000080000000,0x0000000080799368,0x0000000082f80000)
 Metaspace       used 20480K, capacity 21204K, committed 21248K, reserved 1067008K
  class space    used 2859K, capacity 3048K, committed 3072K, reserved 1048576K
}
Event: 5.900 GC heap before
{Heap before GC invocations=8 (full 1):
 PSYoungGen      total 140288K, used 130048K [0x00000000d5580000, 0x00000000de880000, 0x0000000100000000)
  eden space 130048K, 100% used [0x00000000d5580000,0x00000000dd480000,0x00000000dd480000)
  from space 10240K, 0% used [0x00000000dde80000,0x00000000dde80000,0x00000000de880000)
  to   space 10240K, 0% used [0x00000000dd480000,0x00000000dd480000,0x00000000dde80000)
 ParOldGen       total 48640K, used 7780K [0x0000000080000000, 0x0000000082f80000, 0x00000000d5580000)
  object space 48640K, 15% used [0x0000000080000000,0x0000000080799368,0x0000000082f80000)
 Metaspace       used 32664K, capacity 33718K, committed 33920K, reserved 1079296K
  class space    used 4455K, capacity 4723K, committed 4736K, reserved 1048576K
Event: 5.917 GC heap after
Heap after GC invocations=8 (full 1):
 PSYoungGen      total 140288K, used 10227K [0x00000000d5580000, 0x00000000e6580000, 0x0000000100000000)
  eden space 130048K, 0% used [0x00000000d5580000,0x00000000d5580000,0x00000000dd480000)
  from space 10240K, 99% used [0x00000000dd480000,0x00000000dde7cf30,0x00000000dde80000)
  to   space 13824K, 0% used [0x00000000e5800000,0x00000000e5800000,0x00000000e6580000)
 ParOldGen       total 48640K, used 11779K [0x0000000080000000, 0x0000000082f80000, 0x00000000d5580000)
  object space 48640K, 24% used [0x0000000080000000,0x0000000080b80e08,0x0000000082f80000)
 Metaspace       used 32664K, capacity 33718K, committed 33920K, reserved 1079296K
  class space    used 4455K, capacity 4723K, committed 4736K, reserved 1048576K
}
Event: 6.562 GC heap before
{Heap before GC invocations=9 (full 1):
 PSYoungGen      total 140288K, used 47222K [0x00000000d5580000, 0x00000000e6580000, 0x0000000100000000)
  eden space 130048K, 28% used [0x00000000d5580000,0x00000000d79a08d0,0x00000000dd480000)
  from space 10240K, 99% used [0x00000000dd480000,0x00000000dde7cf30,0x00000000dde80000)
  to   space 13824K, 0% used [0x00000000e5800000,0x00000000e5800000,0x00000000e6580000)
 ParOldGen       total 48640K, used 11779K [0x0000000080000000, 0x0000000082f80000, 0x00000000d5580000)
  object space 48640K, 24% used [0x0000000080000000,0x0000000080b80e08,0x0000000082f80000)
 Metaspace       used 34215K, capacity 35392K, committed 35416K, reserved 1079296K
  class space    used 4712K, capacity 4973K, committed 4992K, reserved 1048576K
Event: 6.578 GC heap after
Heap after GC invocations=9 (full 1):
 PSYoungGen      total 260608K, used 8875K [0x00000000d5580000, 0x00000000e6380000, 0x0000000100000000)
  eden space 248832K, 0% used [0x00000000d5580000,0x00000000d5580000,0x00000000e4880000)
  from space 11776K, 75% used [0x00000000e5800000,0x00000000e60aafe8,0x00000000e6380000)
  to   space 13824K, 0% used [0x00000000e4880000,0x00000000e4880000,0x00000000e5600000)
 ParOldGen       total 48640K, used 11787K [0x0000000080000000, 0x0000000082f80000, 0x00000000d5580000)
  object space 48640K, 24% used [0x0000000080000000,0x0000000080b82e08,0x0000000082f80000)
 Metaspace       used 34215K, capacity 35392K, committed 35416K, reserved 1079296K
  class space    used 4712K, capacity 4973K, committed 4992K, reserved 1048576K
}
Event: 6.578 GC heap before
{Heap before GC invocations=10 (full 2):
 PSYoungGen      total 260608K, used 8875K [0x00000000d5580000, 0x00000000e6380000, 0x0000000100000000)
  eden space 248832K, 0% used [0x00000000d5580000,0x00000000d5580000,0x00000000e4880000)
  from space 11776K, 75% used [0x00000000e5800000,0x00000000e60aafe8,0x00000000e6380000)
  to   space 13824K, 0% used [0x00000000e4880000,0x00000000e4880000,0x00000000e5600000)
 ParOldGen       total 48640K, used 11787K [0x0000000080000000, 0x0000000082f80000, 0x00000000d5580000)
  object space 48640K, 24% used [0x0000000080000000,0x0000000080b82e08,0x0000000082f80000)
 Metaspace       used 34215K, capacity 35392K, committed 35416K, reserved 1079296K
  class space    used 4712K, capacity 4973K, committed 4992K, reserved 1048576K
Event: 6.688 GC heap after
Heap after GC invocations=10 (full 2):
 PSYoungGen      total 260608K, used 0K [0x00000000d5580000, 0x00000000e6380000, 0x0000000100000000)
  eden space 248832K, 0% used [0x00000000d5580000,0x00000000d5580000,0x00000000e4880000)
  from space 11776K, 0% used [0x00000000e5800000,0x00000000e5800000,0x00000000e6380000)
  to   space 13824K, 0% used [0x00000000e4880000,0x00000000e4880000,0x00000000e5600000)
 ParOldGen       total 66048K, used 15112K [0x0000000080000000, 0x0000000084080000, 0x00000000d5580000)
  object space 66048K, 22% used [0x0000000080000000,0x0000000080ec23a0,0x0000000084080000)
 Metaspace       used 34215K, capacity 35392K, committed 35416K, reserved 1079296K
  class space    used 4712K, capacity 4973K, committed 4992K, reserved 1048576K
}
Event: 9.845 GC heap before
{Heap before GC invocations=11 (full 2):
 PSYoungGen      total 260608K, used 248832K [0x00000000d5580000, 0x00000000e6380000, 0x0000000100000000)
  eden space 248832K, 100% used [0x00000000d5580000,0x00000000e4880000,0x00000000e4880000)
  from space 11776K, 0% used [0x00000000e5800000,0x00000000e5800000,0x00000000e6380000)
  to   space 13824K, 0% used [0x00000000e4880000,0x00000000e4880000,0x00000000e5600000)
 ParOldGen       total 66048K, used 15112K [0x0000000080000000, 0x0000000084080000, 0x00000000d5580000)
  object space 66048K, 22% used [0x0000000080000000,0x0000000080ec23a0,0x0000000084080000)
 Metaspace       used 46082K, capacity 47814K, committed 48088K, reserved 1091584K
  class space    used 6221K, capacity 6545K, committed 6656K, reserved 1048576K
Event: 9.875 GC heap after
Heap after GC invocations=11 (full 2):
 PSYoungGen      total 262656K, used 13799K [0x00000000d5580000, 0x00000000ed080000, 0x0000000100000000)
  eden space 248832K, 0% used [0x00000000d5580000,0x00000000d5580000,0x00000000e4880000)
  from space 13824K, 99% used [0x00000000e4880000,0x00000000e55f9dc8,0x00000000e5600000)
  to   space 17408K, 0% used [0x00000000ebf80000,0x00000000ebf80000,0x00000000ed080000)
 ParOldGen       total 66048K, used 18469K [0x0000000080000000, 0x0000000084080000, 0x00000000d5580000)
  object space 66048K, 27% used [0x0000000080000000,0x00000000812096d0,0x0000000084080000)
 Metaspace       used 46082K, capacity 47814K, committed 48088K, reserved 1091584K
  class space    used 6221K, capacity 6545K, committed 6656K, reserved 1048576K
}

Deoptimization events (10 events):
Event: 10.795 Thread 0x000000001b58d000 Uncommon trap: reason=unstable_if action=reinterpret pc=0x00000000030fcdd4 method=java.lang.String.replace(CC)Ljava/lang/String; @ 2
Event: 10.800 Thread 0x000000001b58d000 Uncommon trap: reason=bimorphic action=maybe_recompile pc=0x0000000003bdc4b4 method=org.codehaus.groovy.runtime.metaclass.MetaMethodIndex.addMethodToList(Ljava/lang/Object;Lgroovy/lang/MetaMethod;)Ljava/lang/Object; @ 96
Event: 10.800 Thread 0x000000001b58d000 Uncommon trap: reason=unstable_if action=reinterpret pc=0x0000000003bdc3f8 method=org.codehaus.groovy.runtime.metaclass.MetaMethodIndex.isNonRealMethod(Lgroovy/lang/MetaMethod;)Z @ 4
Event: 10.800 Thread 0x000000001b58d000 Uncommon trap: reason=unstable_if action=reinterpret pc=0x0000000003a0c9e0 method=groovy.lang.MetaClassImpl$1MOPIter.methodNameAction(Ljava/lang/Class;Lorg/codehaus/groovy/runtime/metaclass/MetaMethodIndex$Entry;)V @ 182
Event: 10.899 Thread 0x000000001b58d000 Uncommon trap: reason=unstable_if action=reinterpret pc=0x00000000032e7624 method=java.lang.String.lastIndexOf([CII[CIII)I @ 17
Event: 10.899 Thread 0x000000001b58d000 Uncommon trap: reason=unstable_if action=reinterpret pc=0x000000000362a720 method=sun.net.www.protocol.jar.Handler.parseURL(Ljava/net/URL;Ljava/lang/String;II)V @ 116
Event: 10.915 Thread 0x000000001b58d000 Uncommon trap: reason=unstable_if action=reinterpret pc=0x00000000034945e4 method=java.util.concurrent.ConcurrentHashMap.putVal(Ljava/lang/Object;Ljava/lang/Object;Z)Ljava/lang/Object; @ 195
Event: 11.049 Thread 0x000000001b58d000 Uncommon trap: reason=null_check action=make_not_entrant pc=0x00000000036cb850 method=java.lang.Class.searchMethods([Ljava/lang/reflect/Method;Ljava/lang/String;[Ljava/lang/Class;)Ljava/lang/reflect/Method; @ 59
Event: 11.099 Thread 0x000000001b58d000 Uncommon trap: reason=class_check action=maybe_recompile pc=0x0000000003681a10 method=java.util.WeakHashMap.eq(Ljava/lang/Object;Ljava/lang/Object;)Z @ 7
Event: 11.101 Thread 0x000000001b58d000 Uncommon trap: reason=class_check action=maybe_recompile pc=0x0000000003681a10 method=java.util.WeakHashMap.eq(Ljava/lang/Object;Ljava/lang/Object;)Z @ 7

Classes redefined (0 events):
No events

Internal exceptions (10 events):
Event: 11.161 Thread 0x000000001b58d000 Exception <a 'java/lang/ClassNotFoundException': org/jetbrains/kotlin/gradle/dsl/KotlinJvmOptionsBaseCustomizer> (0x00000000da4b5290) thrown at [C:\src\AOSP-openjdk-git\hotspot\src\share\vm\classfile\systemDictionary.cpp, line 210]
Event: 11.162 Thread 0x000000001b58d000 Exception <a 'java/lang/ClassNotFoundException': org/jetbrains/kotlin/gradle/dsl/KotlinJvmOptionsImplCustomizer> (0x00000000da4f6958) thrown at [C:\src\AOSP-openjdk-git\hotspot\src\share\vm\classfile\systemDictionary.cpp, line 210]
Event: 11.166 Thread 0x000000001b58d000 Exception <a 'java/lang/ClassNotFoundException': org/gradle/api/plugins/internal/DefaultBasePluginConventionBeanInfo> (0x00000000da5a5580) thrown at [C:\src\AOSP-openjdk-git\hotspot\src\share\vm\classfile\systemDictionary.cpp, line 210]
Event: 11.168 Thread 0x000000001b58d000 Exception <a 'java/lang/ClassNotFoundException': org/gradle/api/plugins/BasePluginConventionBeanInfo> (0x00000000da5f1170) thrown at [C:\src\AOSP-openjdk-git\hotspot\src\share\vm\classfile\systemDictionary.cpp, line 210]
Event: 11.169 Thread 0x000000001b58d000 Exception <a 'java/lang/ClassNotFoundException': org/gradle/api/plugins/BasePluginConventionCustomizer> (0x00000000da63e2f0) thrown at [C:\src\AOSP-openjdk-git\hotspot\src\share\vm\classfile\systemDictionary.cpp, line 210]
Event: 11.171 Thread 0x000000001b58d000 Exception <a 'java/lang/ClassNotFoundException': org/gradle/api/plugins/internal/DefaultBasePluginConventionCustomizer> (0x00000000da6af140) thrown at [C:\src\AOSP-openjdk-git\hotspot\src\share\vm\classfile\systemDictionary.cpp, line 210]
Event: 11.175 Thread 0x000000001b58d000 Exception <a 'java/lang/ClassNotFoundException': org/gradle/api/plugins/internal/DefaultJavaPluginConventionBeanInfo> (0x00000000da762b68) thrown at [C:\src\AOSP-openjdk-git\hotspot\src\share\vm\classfile\systemDictionary.cpp, line 210]
Event: 11.176 Thread 0x000000001b58d000 Exception <a 'java/lang/ClassNotFoundException': org/gradle/api/plugins/JavaPluginConventionBeanInfo> (0x00000000da7ae6d8) thrown at [C:\src\AOSP-openjdk-git\hotspot\src\share\vm\classfile\systemDictionary.cpp, line 210]
Event: 11.177 Thread 0x000000001b58d000 Exception <a 'java/lang/ClassNotFoundException': org/gradle/api/plugins/JavaPluginConventionCustomizer> (0x00000000da7fb858) thrown at [C:\src\AOSP-openjdk-git\hotspot\src\share\vm\classfile\systemDictionary.cpp, line 210]
Event: 11.179 Thread 0x000000001b58d000 Exception <a 'java/lang/ClassNotFoundException': org/gradle/api/plugins/internal/DefaultJavaPluginConventionCustomizer> (0x00000000da875130) thrown at [C:\src\AOSP-openjdk-git\hotspot\src\share\vm\classfile\systemDictionary.cpp, line 210]

Events (10 events):
Event: 11.497 loading class com/android/build/api/component/impl/ComponentPropertiesImpl
Event: 11.497 loading class com/android/build/api/component/impl/ComponentPropertiesImpl done
Event: 11.497 loading class com/android/build/api/component/impl/ComponentPropertiesImpl
Event: 11.497 loading class com/android/build/api/component/impl/ComponentPropertiesImpl done
Event: 11.497 loading class com/android/build/api/component/impl/ComponentPropertiesImpl
Event: 11.497 loading class com/android/build/api/component/impl/ComponentPropertiesImpl done
Event: 11.497 loading class com/android/build/api/component/impl/ComponentPropertiesImpl
Event: 11.497 loading class com/android/build/api/component/impl/ComponentPropertiesImpl done
Event: 11.498 loading class com/android/build/gradle/internal/tasks/AppPreBuildTask
Event: 11.498 loading class com/android/build/gradle/internal/tasks/AppPreBuildTask done


Dynamic libraries:
0x00007ff6e9e60000 - 0x00007ff6e9e91000 	C:\Program Files\Android\Android Studio\jre\bin\java.exe
0x00007ffbbfa90000 - 0x00007ffbbfc85000 	C:\WINDOWS\SYSTEM32\ntdll.dll
0x00007ffbbdd10000 - 0x00007ffbbddcd000 	C:\WINDOWS\System32\KERNEL32.DLL
0x00007ffbbd1d0000 - 0x00007ffbbd498000 	C:\WINDOWS\System32\KERNELBASE.dll
0x00007ffbbe1f0000 - 0x00007ffbbe29c000 	C:\WINDOWS\System32\ADVAPI32.dll
0x00007ffbbe4c0000 - 0x00007ffbbe55e000 	C:\WINDOWS\System32\msvcrt.dll
0x00007ffbbdf80000 - 0x00007ffbbe01b000 	C:\WINDOWS\System32\sechost.dll
0x00007ffbbf830000 - 0x00007ffbbf95b000 	C:\WINDOWS\System32\RPCRT4.dll
0x00007ffbbe030000 - 0x00007ffbbe1d0000 	C:\WINDOWS\System32\USER32.dll
0x00007ffbbd5e0000 - 0x00007ffbbd602000 	C:\WINDOWS\System32\win32u.dll
0x00007ffbbeb80000 - 0x00007ffbbebaa000 	C:\WINDOWS\System32\GDI32.dll
0x00007ffbbd4d0000 - 0x00007ffbbd5db000 	C:\WINDOWS\System32\gdi32full.dll
0x00007ffbbd840000 - 0x00007ffbbd8dd000 	C:\WINDOWS\System32\msvcp_win.dll
0x00007ffbbd740000 - 0x00007ffbbd840000 	C:\WINDOWS\System32\ucrtbase.dll
0x00007ffba97a0000 - 0x00007ffba9a3a000 	C:\WINDOWS\WinSxS\amd64_microsoft.windows.common-controls_6595b64144ccf1df_6.0.19041.844_none_ca00b6081b84eb1d\COMCTL32.dll
0x00007ffbbdaf0000 - 0x00007ffbbdb20000 	C:\WINDOWS\System32\IMM32.DLL
0x0000000071380000 - 0x0000000071452000 	C:\Program Files\Android\Android Studio\jre\jre\bin\msvcr100.dll
0x000000006edc0000 - 0x000000006f60b000 	C:\Program Files\Android\Android Studio\jre\jre\bin\server\jvm.dll
0x00007ffbbe2a0000 - 0x00007ffbbe2a8000 	C:\WINDOWS\System32\PSAPI.DLL
0x00007ffbb1440000 - 0x00007ffbb1467000 	C:\WINDOWS\SYSTEM32\WINMM.dll
0x00007ffbb6610000 - 0x00007ffbb661a000 	C:\WINDOWS\SYSTEM32\VERSION.dll
0x00007ffbb8160000 - 0x00007ffbb8169000 	C:\WINDOWS\SYSTEM32\WSOCK32.dll
0x00007ffbbf070000 - 0x00007ffbbf0db000 	C:\WINDOWS\System32\WS2_32.dll
0x00007ffbb7bc0000 - 0x00007ffbb7bcf000 	C:\Program Files\Android\Android Studio\jre\jre\bin\verify.dll
0x00007ffbb77c0000 - 0x00007ffbb77e9000 	C:\Program Files\Android\Android Studio\jre\jre\bin\java.dll
0x00007ffbb1090000 - 0x00007ffbb10a6000 	C:\Program Files\Android\Android Studio\jre\jre\bin\zip.dll
0x00007ffbbf0e0000 - 0x00007ffbbf822000 	C:\WINDOWS\System32\SHELL32.dll
0x00007ffbbb320000 - 0x00007ffbbbab0000 	C:\WINDOWS\SYSTEM32\windows.storage.dll
0x00007ffbbebb0000 - 0x00007ffbbef05000 	C:\WINDOWS\System32\combase.dll
0x00007ffbbcc40000 - 0x00007ffbbcc6c000 	C:\WINDOWS\SYSTEM32\Wldp.dll
0x00007ffbbefc0000 - 0x00007ffbbf06e000 	C:\WINDOWS\System32\SHCORE.dll
0x00007ffbbdcb0000 - 0x00007ffbbdd05000 	C:\WINDOWS\System32\shlwapi.dll
0x00007ffbbd110000 - 0x00007ffbbd12f000 	C:\WINDOWS\SYSTEM32\profapi.dll
0x00007ffbae180000 - 0x00007ffbae19a000 	C:\Program Files\Android\Android Studio\jre\jre\bin\net.dll
0x00007ffbbc9b0000 - 0x00007ffbbca1a000 	C:\WINDOWS\system32\mswsock.dll
0x00007ffbacdb0000 - 0x00007ffbacdc3000 	C:\Program Files\Android\Android Studio\jre\jre\bin\nio.dll
0x00007ffba1e10000 - 0x00007ffba1e37000 	C:\Users\preya\.gradle\native\f6784746aeab05261644944871eae4fe03e0ef1612fff0a4a95f87b438bc6780\windows-amd64\native-platform.dll
0x00007ffbb7bb0000 - 0x00007ffbb7bbd000 	C:\Program Files\Android\Android Studio\jre\jre\bin\management.dll
0x00007ffbbcb90000 - 0x00007ffbbcba8000 	C:\WINDOWS\SYSTEM32\CRYPTSP.dll
0x00007ffbbc2e0000 - 0x00007ffbbc314000 	C:\WINDOWS\system32\rsaenh.dll
0x00007ffbbd4a0000 - 0x00007ffbbd4c7000 	C:\WINDOWS\System32\bcrypt.dll
0x00007ffbbd0d0000 - 0x00007ffbbd0fe000 	C:\WINDOWS\SYSTEM32\USERENV.dll
0x00007ffbbd610000 - 0x00007ffbbd690000 	C:\WINDOWS\System32\bcryptprimitives.dll
0x00007ffbbcb80000 - 0x00007ffbbcb8c000 	C:\WINDOWS\SYSTEM32\CRYPTBASE.dll
0x00007ffbbc650000 - 0x00007ffbbc68b000 	C:\WINDOWS\SYSTEM32\IPHLPAPI.DLL
0x00007ffbbe020000 - 0x00007ffbbe028000 	C:\WINDOWS\System32\NSI.dll
0x00007ffbb69d0000 - 0x00007ffbb69e7000 	C:\WINDOWS\SYSTEM32\dhcpcsvc6.DLL
0x00007ffbb6760000 - 0x00007ffbb677d000 	C:\WINDOWS\SYSTEM32\dhcpcsvc.DLL
0x00007ffbbc6a0000 - 0x00007ffbbc76c000 	C:\WINDOWS\SYSTEM32\DNSAPI.dll
0x00007ffbb6d90000 - 0x00007ffbb6d9b000 	C:\WINDOWS\SYSTEM32\WINNSI.DLL

VM Arguments:
jvm_args: -Xmx2048m -Dfile.encoding=UTF-8 -Duser.country=BR -Duser.language=pt -Duser.variant 
java_command: org.gradle.launcher.daemon.bootstrap.GradleDaemon 6.5
java_class_path (initial): C:\Users\preya\.gradle\wrapper\dists\gradle-6.5-bin\6nifqtx7604sqp1q6g8wikw7p\gradle-6.5\lib\gradle-launcher-6.5.jar
Launcher Type: SUN_STANDARD

Environment Variables:
PATH=C:\WINDOWS\system32;C:\WINDOWS;C:\WINDOWS\System32\Wbem;C:\WINDOWS\System32\WindowsPowerShell\v1.0\;C:\WINDOWS\System32\OpenSSH\;C:\Program Files\NVIDIA Corporation\NVIDIA NvDLISR;C:\Program Files (x86)\NVIDIA Corporation\PhysX\Common;C:\scr\flutter;C:\Users\preya\AppData\Local\Microsoft\WindowsApps;C:\scr\flutter;
USERNAME=preya
OS=Windows_NT
PROCESSOR_IDENTIFIER=Intel64 Family 6 Model 142 Stepping 9, GenuineIntel



---------------  S Y S T E M  ---------------

OS: Windows 10.0 , 64 bit Build 19041 (10.0.19041.928)

CPU:total 4 (initial active 4) (2 cores per cpu, 2 threads per core) family 6 model 142 stepping 9, cmov, cx8, fxsr, mmx, sse, sse2, sse3, ssse3, sse4.1, sse4.2, popcnt, avx, avx2, aes, clmul, erms, 3dnowpref, lzcnt, ht, tsc, tscinvbit, bmi1, bmi2, adx

Memory: 4k page, physical 8260324k(265352k free), swap 22785368k(5292k free)

vm_info: OpenJDK 64-Bit Server VM (25.242-b01) for windows-amd64 JRE (1.8.0_242-release-1644-b01), built by "builder" with MS VC++ 10.0 (VS2010)

time: Tue Jun 01 18:08:42 2021
timezone: Hora Padrão de Buenos Aires
elapsed time: 11 seconds (0d 0h 0m 11s)

